<?xml version='1.0' encoding='utf-8'?>
<testsuites time="6.1083" tests="314" failures="0" errors="0" skipped="0"><testsuite name="OLED-E2E-Suite" time="6.1083" tests="314" failures="0" errors="0" skipped="0"><testcase classname="TestF01WebStudioProjectSetup" name="test_t1_f01_01_config_integrity" time="0.0009" /><testcase classname="TestF01WebStudioProjectSetup" name="test_t1_f01_02_production_bundle_deps" time="0.0003" /><testcase classname="TestF01WebStudioProjectSetup" name="test_t1_f01_03_tailwind_css_config" time="0.0006" /><testcase classname="TestF01WebStudioProjectSetup" name="test_t1_f01_04_typescript_strict_config" time="0.0004" /><testcase classname="TestF01WebStudioProjectSetup" name="test_t1_f01_05_root_dom_mount" time="0.0005" /><testcase classname="TestF02VideoDecoder" name="test_t1_f02_01_standard_mp4_metadata" time="0.0176" /><testcase classname="TestF02VideoDecoder" name="test_t1_f02_02_synthetic_video_ingestion" time="0.0048" /><testcase classname="TestF02VideoDecoder" name="test_t1_f02_03_time_slice_frame_extraction" time="0.0930" /><testcase classname="TestF02VideoDecoder" name="test_t1_f02_04_downsampling_buffer_allocation" time="0.0103" /><testcase classname="TestF02VideoDecoder" name="test_t1_f02_05_non_video_mime_rejection" time="0.0001" /><testcase classname="TestF03AnimatedGifDecoder" name="test_t1_f03_01_gif_header_parsing" time="0.0254" /><testcase classname="TestF03AnimatedGifDecoder" name="test_t1_f03_02_gif_disposal_mode_1" time="0.0001" /><testcase classname="TestF03AnimatedGifDecoder" name="test_t1_f03_03_gif_disposal_mode_2" time="0.0000" /><testcase classname="TestF03AnimatedGifDecoder" name="test_t1_f03_04_gif_disposal_mode_3" time="0.0000" /><testcase classname="TestF03AnimatedGifDecoder" name="test_t1_f03_05_gif_frame_delay_mapping" time="0.0019" /><testcase classname="TestF04PngSequenceLoader" name="test_t1_f04_01_batch_multi_file_ingestion" time="0.0004" /><testcase classname="TestF04PngSequenceLoader" name="test_t1_f04_02_natural_alphanumeric_sorting" time="0.0002" /><testcase classname="TestF04PngSequenceLoader" name="test_t1_f04_03_mixed_image_format_normalization" time="0.0002" /><testcase classname="TestF04PngSequenceLoader" name="test_t1_f04_04_bitmap_rasterization_dimensions" time="0.0144" /><testcase classname="TestF04PngSequenceLoader" name="test_t1_f04_05_mixed_media_non_image_filtering" time="0.0001" /><testcase classname="TestF05CropAndScale" name="test_t1_f05_01_strict_2_to_1_aspect_ratio" time="0.0000" /><testcase classname="TestF05CropAndScale" name="test_t1_f05_02_cover_preset_geometry" time="0.0000" /><testcase classname="TestF05CropAndScale" name="test_t1_f05_03_contain_preset_geometry" time="0.0000" /><testcase classname="TestF05CropAndScale" name="test_t1_f05_04_stretch_preset_geometry" time="0.0000" /><testcase classname="TestF05CropAndScale" name="test_t1_f05_05_resampling_filter_quality" time="0.0161" /><testcase classname="TestF06BrightnessAndContrast" name="test_t1_f06_01_itu_bt601_grayscale" time="0.0006" /><testcase classname="TestF06BrightnessAndContrast" name="test_t1_f06_02_linear_brightness_boost" time="0.0001" /><testcase classname="TestF06BrightnessAndContrast" name="test_t1_f06_03_contrast_factor_adjustment" time="0.0001" /><testcase classname="TestF06BrightnessAndContrast" name="test_t1_f06_04_extreme_luminance_clamping" time="0.0004" /><testcase classname="TestF06BrightnessAndContrast" name="test_t1_f06_05_monochrome_invert_toggle" time="0.1270" /><testcase classname="TestF07AtkinsonDithering" name="test_t1_f07_01_kernel_diffusion_distribution" time="0.0004" /><testcase classname="TestF07AtkinsonDithering" name="test_t1_f07_02_error_loss_25_percent" time="0.0000" /><testcase classname="TestF07AtkinsonDithering" name="test_t1_f07_03_binary_quantization_invariant" time="0.0360" /><testcase classname="TestF07AtkinsonDithering" name="test_t1_f07_04_worm_suppression_near_white" time="0.0521" /><testcase classname="TestF07AtkinsonDithering" name="test_t1_f07_05_canvas_edge_diffusion_boundary" time="0.0305" /><testcase classname="TestF08FloydSteinbergDithering" name="test_t1_f08_01_neighbor_diffusion_weights" time="0.0000" /><testcase classname="TestF08FloydSteinbergDithering" name="test_t1_f08_02_total_error_conservation" time="0.0000" /><testcase classname="TestF08FloydSteinbergDithering" name="test_t1_f08_03_monotonic_stipple_density" time="0.0207" /><testcase classname="TestF08FloydSteinbergDithering" name="test_t1_f08_04_deterministic_output" time="0.0617" /><testcase classname="TestF08FloydSteinbergDithering" name="test_t1_f08_05_perimeter_boundary_damping" time="0.0217" /><testcase classname="TestF09BayerOrderedDithering" name="test_t1_f09_01_bayer_2x2_thresholds" time="0.0005" /><testcase classname="TestF09BayerOrderedDithering" name="test_t1_f09_02_bayer_4x4_crosshatch" time="0.0002" /><testcase classname="TestF09BayerOrderedDithering" name="test_t1_f09_03_bayer_8x8_quantization_levels" time="0.0001" /><testcase classname="TestF09BayerOrderedDithering" name="test_t1_f09_04_temporal_stability" time="0.0003" /><testcase classname="TestF09BayerOrderedDithering" name="test_t1_f09_05_parallel_throughput" time="0.0000" /><testcase classname="TestF10DynamicThresholding" name="test_t1_f10_01_midpoint_cutoff" time="0.0003" /><testcase classname="TestF10DynamicThresholding" name="test_t1_f10_02_cutoff_slider_update" time="0.0002" /><testcase classname="TestF10DynamicThresholding" name="test_t1_f10_03_boundary_cutoffs" time="0.0002" /><testcase classname="TestF10DynamicThresholding" name="test_t1_f10_04_silhouette_edge_sharpness" time="0.0002" /><testcase classname="TestF10DynamicThresholding" name="test_t1_f10_05_execution_throughput" time="0.0048" /><testcase classname="TestF11XbmpPacking" name="test_t1_f11_01_exact_1024_byte_allocation" time="0.0002" /><testcase classname="TestF11XbmpPacking" name="test_t1_f11_02_row_major_byte_traversal" time="0.0005" /><testcase classname="TestF11XbmpPacking" name="test_t1_f11_03_lsb_first_bit_significance" time="0.0002" /><testcase classname="TestF11XbmpPacking" name="test_t1_f11_04_pixel_polarity_u8g2" time="0.0002" /><testcase classname="TestF11XbmpPacking" name="test_t1_f11_05_round_trip_pack_unpack" time="0.0004" /><testcase classname="TestF12SimulatedOledCanvas" name="test_t1_f12_01_subpixel_grid_geometry" time="0.0000" /><testcase classname="TestF12SimulatedOledCanvas" name="test_t1_f12_02_classic_cyan_theme" time="0.0000" /><testcase classname="TestF12SimulatedOledCanvas" name="test_t1_f12_03_crisp_white_theme" time="0.0000" /><testcase classname="TestF12SimulatedOledCanvas" name="test_t1_f12_04_yellow_blue_dual_zone" time="0.0000" /><testcase classname="TestF12SimulatedOledCanvas" name="test_t1_f12_05_amber_and_matrix_green_themes" time="0.0000" /><testcase classname="TestF13PlaybackControls" name="test_t1_f13_01_play_pause_toggle" time="0.0000" /><testcase classname="TestF13PlaybackControls" name="test_t1_f13_02_scrub_bar_seek" time="0.0000" /><testcase classname="TestF13PlaybackControls" name="test_t1_f13_03_single_frame_step" time="0.0000" /><testcase classname="TestF13PlaybackControls" name="test_t1_f13_04_loop_mode_transition" time="0.0000" /><testcase classname="TestF13PlaybackControls" name="test_t1_f13_05_frame_rate_pacing" time="0.0000" /><testcase classname="TestF14TypewriterAndBounceLyric" name="test_t1_f14_01_typewriter_cps_progression" time="0.0000" /><testcase classname="TestF14TypewriterAndBounceLyric" name="test_t1_f14_02_monospace_font_word_wrapping" time="0.0000" /><testcase classname="TestF14TypewriterAndBounceLyric" name="test_t1_f14_03_blinking_cursor_square" time="0.0000" /><testcase classname="TestF14TypewriterAndBounceLyric" name="test_t1_f14_04_damped_elastic_bounce" time="0.0000" /><testcase classname="TestF14TypewriterAndBounceLyric" name="test_t1_f14_05_karaoke_inverse_video_highlight" time="0.0001" /><testcase classname="TestF15GlitchShaderFx" name="test_t1_f15_01_xor_bitwise_noise" time="0.0012" /><testcase classname="TestF15GlitchShaderFx" name="test_t1_f15_02_horizontal_row_tearing" time="0.0005" /><testcase classname="TestF15GlitchShaderFx" name="test_t1_f15_03_periodic_scanline_inversion" time="0.0005" /><testcase classname="TestF15GlitchShaderFx" name="test_t1_f15_04_rolling_crt_vsync_bar" time="0.0000" /><testcase classname="TestF15GlitchShaderFx" name="test_t1_f15_05_seeded_prng_reproducibility" time="0.0008" /><testcase classname="TestF16StarfieldAndParticles" name="test_t1_f16_01_3d_perspective_projection" time="0.0000" /><testcase classname="TestF16StarfieldAndParticles" name="test_t1_f16_02_warp_streak_bresenham" time="0.0001" /><testcase classname="TestF16StarfieldAndParticles" name="test_t1_f16_03_near_plane_respawn" time="0.0000" /><testcase classname="TestF16StarfieldAndParticles" name="test_t1_f16_04_ballistic_particle_burst_euler" time="0.0000" /><testcase classname="TestF16StarfieldAndParticles" name="test_t1_f16_05_particle_lifetime_decay" time="0.0000" /><testcase classname="TestF17ProceduralTimelineIntegration" name="test_t1_f17_01_timeline_baking" time="0.0051" /><testcase classname="TestF17ProceduralTimelineIntegration" name="test_t1_f17_02_timeline_scrubbing_direct_access" time="0.0028" /><testcase classname="TestF17ProceduralTimelineIntegration" name="test_t1_f17_03_procedural_compositing" time="0.0001" /><testcase classname="TestF17ProceduralTimelineIntegration" name="test_t1_f17_04_duration_frame_calculation" time="0.0000" /><testcase classname="TestF17ProceduralTimelineIntegration" name="test_t1_f17_05_export_compatibility" time="0.0011" /><testcase classname="TestF18CppProgmemHeaderExporter" name="test_t1_f18_01_macro_definitions_integrity" time="0.0001" /><testcase classname="TestF18CppProgmemHeaderExporter" name="test_t1_f18_02_progmem_2d_byte_array_format" time="0.0015" /><testcase classname="TestF18CppProgmemHeaderExporter" name="test_t1_f18_03_compatibility_symbol_aliasing" time="0.0000" /><testcase classname="TestF18CppProgmemHeaderExporter" name="test_t1_f18_04_hex_literal_formatting" time="0.0000" /><testcase classname="TestF18CppProgmemHeaderExporter" name="test_t1_f18_05_header_validation_oracle" time="0.0003" /><testcase classname="TestF19PackBitsRleHeaderExporter" name="test_t1_f19_01_literal_run_encoding" time="0.0000" /><testcase classname="TestF19PackBitsRleHeaderExporter" name="test_t1_f19_02_repeat_run_encoding" time="0.0000" /><testcase classname="TestF19PackBitsRleHeaderExporter" name="test_t1_f19_03_offset_table_generation" time="0.0006" /><testcase classname="TestF19PackBitsRleHeaderExporter" name="test_t1_f19_04_inline_decompressor_contract" time="0.0001" /><testcase classname="TestF19PackBitsRleHeaderExporter" name="test_t1_f19_05_lossless_roundtrip" time="0.0003" /><testcase classname="TestF20CodeCopyAndDownload" name="test_t1_f20_01_flash_footprint_calculation" time="0.0000" /><testcase classname="TestF20CodeCopyAndDownload" name="test_t1_f20_02_clipboard_payload_preparation" time="0.0000" /><testcase classname="TestF20CodeCopyAndDownload" name="test_t1_f20_03_progmem_download_blob_spec" time="0.0000" /><testcase classname="TestF20CodeCopyAndDownload" name="test_t1_f20_04_rle_download_blob_spec" time="0.0000" /><testcase classname="TestF20CodeCopyAndDownload" name="test_t1_f20_05_memory_badge_formatting" time="0.0000" /><testcase classname="TestF21WebSerialStreamer" name="test_t1_f21_01_webserial_feature_detection" time="0.0000" /><testcase classname="TestF21WebSerialStreamer" name="test_t1_f21_02_usb_vendor_id_filter" time="0.0000" /><testcase classname="TestF21WebSerialStreamer" name="test_t1_f21_03_baud_rate_initialization" time="0.0000" /><testcase classname="TestF21WebSerialStreamer" name="test_t1_f21_04_connection_state_machine" time="0.0000" /><testcase classname="TestF21WebSerialStreamer" name="test_t1_f21_05_cancelled_port_request" time="0.0000" /><testcase classname="TestF22BinaryFramingProtocol" name="test_t1_f22_01_magic_header_bytes" time="0.0001" /><testcase classname="TestF22BinaryFramingProtocol" name="test_t1_f22_02_command_and_sequence_id" time="0.0001" /><testcase classname="TestF22BinaryFramingProtocol" name="test_t1_f22_03_little_endian_length_encoding" time="0.0001" /><testcase classname="TestF22BinaryFramingProtocol" name="test_t1_f22_04_exact_packet_length" time="0.0001" /><testcase classname="TestF22BinaryFramingProtocol" name="test_t1_f22_05_xor_checksum_validation" time="0.0002" /><testcase classname="TestF23StopAndWaitAckFlowControl" name="test_t1_f23_01_transmitter_hold_on_ack" time="0.0003" /><testcase classname="TestF23StopAndWaitAckFlowControl" name="test_t1_f23_02_valid_ack_release" time="0.0007" /><testcase classname="TestF23StopAndWaitAckFlowControl" name="test_t1_f23_03_nak_handling_and_retransmit" time="0.0006" /><testcase classname="TestF23StopAndWaitAckFlowControl" name="test_t1_f23_04_watchdog_timeout_recovery" time="0.0000" /><testcase classname="TestF23StopAndWaitAckFlowControl" name="test_t1_f23_05_streaming_telemetry_metrics" time="0.0000" /><testcase classname="TestF24Esp32DualModeFirmware" name="test_t1_f24_01_boot_standalone_mode" time="0.0000" /><testcase classname="TestF24Esp32DualModeFirmware" name="test_t1_f24_02_dynamic_mode_transition" time="0.0007" /><testcase classname="TestF24Esp32DualModeFirmware" name="test_t1_f24_03_rx_buffer_size" time="0.0001" /><testcase classname="TestF24Esp32DualModeFirmware" name="test_t1_f24_04_inactivity_watchdog_fallback" time="0.0007" /><testcase classname="TestF24Esp32DualModeFirmware" name="test_t1_f24_05_interbyte_timeout_reset" time="0.0007" /><testcase classname="TestF25HardwareDriverSupport" name="test_t1_f25_01_i2c_fast_mode_frequency" time="0.0001" /><testcase classname="TestF25HardwareDriverSupport" name="test_t1_f25_02_sh1106_2pixel_offset" time="0.0000" /><testcase classname="TestF25HardwareDriverSupport" name="test_t1_f25_03_ssd1306_0pixel_offset" time="0.0000" /><testcase classname="TestF25HardwareDriverSupport" name="test_t1_f25_04_preprocessor_controller_switch" time="0.0000" /><testcase classname="TestF25HardwareDriverSupport" name="test_t1_f25_05_buffer_refresh_timing" time="0.0000" /><testcase classname="TestF26E2ETestingSuite" name="test_t1_f26_01_cli_runner_contract" time="0.0003" /><testcase classname="TestF26E2ETestingSuite" name="test_t1_f26_02_structured_json_report_schema" time="0.0001" /><testcase classname="TestF26E2ETestingSuite" name="test_t1_f26_03_universal_feature_coverage" time="0.0000" /><testcase classname="TestF26E2ETestingSuite" name="test_t1_f26_04_windows_path_portability" time="0.0001" /><testcase classname="TestF26E2ETestingSuite" name="test_t1_f26_05_synthetic_mock_fixture_generator" time="0.0027" /><testcase classname="TestF27AdversarialCoverageHardening" name="test_t1_f27_01_high_throughput_burst_stress" time="0.0406" /><testcase classname="TestF27AdversarialCoverageHardening" name="test_t1_f27_02_continuous_random_garbage_stream" time="0.0006" /><testcase classname="TestF27AdversarialCoverageHardening" name="test_t1_f27_03_rapid_serial_port_cycling" time="0.0000" /><testcase classname="TestF27AdversarialCoverageHardening" name="test_t1_f27_04_corrupted_checksum_packet_rejection" time="0.0451" /><testcase classname="TestF27AdversarialCoverageHardening" name="test_t1_f27_05_extended_soak_stability" time="0.1478" /><testcase classname="TestT2F01WebStudioSetupBoundaries" name="test_t2_f01_01_empty_package_json_handling" time="0.0001" /><testcase classname="TestT2F01WebStudioSetupBoundaries" name="test_t2_f01_02_corrupted_json_syntax" time="0.0000" /><testcase classname="TestT2F01WebStudioSetupBoundaries" name="test_t2_f01_03_missing_tailwind_directives_fallback" time="0.0000" /><testcase classname="TestT2F01WebStudioSetupBoundaries" name="test_t2_f01_04_spaces_in_path" time="0.0000" /><testcase classname="TestT2F01WebStudioSetupBoundaries" name="test_t2_f01_05_node_version_compatibility" time="0.0000" /><testcase classname="TestT2F02VideoDecoderBoundaries" name="test_t2_f02_01_zero_byte_video" time="0.4038" /><testcase classname="TestT2F02VideoDecoderBoundaries" name="test_t2_f02_02_truncated_mp4_container" time="0.2968" /><testcase classname="TestT2F02VideoDecoderBoundaries" name="test_t2_f02_03_extreme_resolution_downscaling" time="0.0000" /><testcase classname="TestT2F02VideoDecoderBoundaries" name="test_t2_f02_04_single_frame_short_video" time="0.0000" /><testcase classname="TestT2F02VideoDecoderBoundaries" name="test_t2_f02_05_ultra_long_video_guard" time="0.0000" /><testcase classname="TestT2F03GifDecoderBoundaries" name="test_t2_f03_01_invalid_gif_signature" time="0.0004" /><testcase classname="TestT2F03GifDecoderBoundaries" name="test_t2_f03_02_single_frame_static_gif" time="0.0003" /><testcase classname="TestT2F03GifDecoderBoundaries" name="test_t2_f03_03_extreme_gif_dimensions" time="0.0008" /><testcase classname="TestT2F03GifDecoderBoundaries" name="test_t2_f03_04_zero_inter_frame_delay_sanitization" time="0.0000" /><testcase classname="TestT2F03GifDecoderBoundaries" name="test_t2_f03_05_truncated_lzw_stream_handling" time="0.0759" /><testcase classname="TestT2F04PngSequenceBoundaries" name="test_t2_f04_01_empty_file_selection" time="0.0000" /><testcase classname="TestT2F04PngSequenceBoundaries" name="test_t2_f04_02_single_1x1_pixel_image" time="0.0001" /><testcase classname="TestT2F04PngSequenceBoundaries" name="test_t2_f04_03_corrupt_png_rejection" time="0.0007" /><testcase classname="TestT2F04PngSequenceBoundaries" name="test_t2_f04_04_deep_alphanumeric_sorting" time="0.0001" /><testcase classname="TestT2F04PngSequenceBoundaries" name="test_t2_f04_05_mixed_extensions_filtering" time="0.0000" /><testcase classname="TestT2F05CropAndScaleBoundaries" name="test_t2_f05_01_odd_source_dimensions" time="0.0001" /><testcase classname="TestT2F05CropAndScaleBoundaries" name="test_t2_f05_02_extreme_aspect_ratios" time="0.0000" /><testcase classname="TestT2F05CropAndScaleBoundaries" name="test_t2_f05_03_drag_clamping" time="0.0000" /><testcase classname="TestT2F05CropAndScaleBoundaries" name="test_t2_f05_04_minimum_crop_box_size" time="0.0000" /><testcase classname="TestT2F05CropAndScaleBoundaries" name="test_t2_f05_05_fractional_subpixel_rounding" time="0.0000" /><testcase classname="TestT2F06BrightnessContrastBoundaries" name="test_t2_f06_01_min_brightness_extreme" time="0.0002" /><testcase classname="TestT2F06BrightnessContrastBoundaries" name="test_t2_f06_02_max_brightness_extreme" time="0.0001" /><testcase classname="TestT2F06BrightnessContrastBoundaries" name="test_t2_f06_03_singular_contrast_boundary" time="0.0002" /><testcase classname="TestT2F06BrightnessContrastBoundaries" name="test_t2_f06_04_min_contrast_neutralization" time="0.0002" /><testcase classname="TestT2F06BrightnessContrastBoundaries" name="test_t2_f06_05_nan_slider_tolerance" time="0.0004" /><testcase classname="TestT2F07AtkinsonBoundaries" name="test_t2_f07_01_double_offset_corner_guard" time="0.0295" /><testcase classname="TestT2F07AtkinsonBoundaries" name="test_t2_f07_02_solid_black_uniform" time="0.0306" /><testcase classname="TestT2F07AtkinsonBoundaries" name="test_t2_f07_03_solid_white_uniform" time="0.0304" /><testcase classname="TestT2F07AtkinsonBoundaries" name="test_t2_f07_04_low_luminance_subthreshold_noise" time="0.0305" /><testcase classname="TestT2F07AtkinsonBoundaries" name="test_t2_f07_05_single_isolated_pixel_impulse" time="0.0325" /><testcase classname="TestT2F08FloydSteinbergBoundaries" name="test_t2_f08_01_rightmost_column_boundary" time="0.0207" /><testcase classname="TestT2F08FloydSteinbergBoundaries" name="test_t2_f08_02_leftmost_column_boundary" time="0.0200" /><testcase classname="TestT2F08FloydSteinbergBoundaries" name="test_t2_f08_03_bottom_row_boundary" time="0.0207" /><testcase classname="TestT2F08FloydSteinbergBoundaries" name="test_t2_f08_04_checkerboard_preservation" time="0.0211" /><testcase classname="TestT2F08FloydSteinbergBoundaries" name="test_t2_f08_05_midgray_equilibrium" time="0.0197" /><testcase classname="TestT2F09BayerBoundaries" name="test_t2_f09_01_modulo_wrap_corners" time="0.0001" /><testcase classname="TestT2F09BayerBoundaries" name="test_t2_f09_02_exact_threshold_coincidence" time="0.0001" /><testcase classname="TestT2F09BayerBoundaries" name="test_t2_f09_03_extreme_luminance_clamping" time="0.0001" /><testcase classname="TestT2F09BayerBoundaries" name="test_t2_f09_04_repeat_run_identity" time="0.0150" /><testcase classname="TestT2F09BayerBoundaries" name="test_t2_f09_05_invalid_matrix_size_fallback" time="0.0001" /><testcase classname="TestT2F10ThresholdingBoundaries" name="test_t2_f10_01_min_cutoff" time="0.0001" /><testcase classname="TestT2F10ThresholdingBoundaries" name="test_t2_f10_02_max_cutoff" time="0.0000" /><testcase classname="TestT2F10ThresholdingBoundaries" name="test_t2_f10_03_floating_point_cutoff" time="0.0000" /><testcase classname="TestT2F10ThresholdingBoundaries" name="test_t2_f10_04_rapid_slider_stability" time="0.0012" /><testcase classname="TestT2F10ThresholdingBoundaries" name="test_t2_f10_05_negative_threshold_clamp" time="0.0001" /><testcase classname="TestT2F11XbmpBoundaries" name="test_t2_f11_01_underflow_buffer_size" time="0.0000" /><testcase classname="TestT2F11XbmpBoundaries" name="test_t2_f11_02_overflow_buffer_size" time="0.0000" /><testcase classname="TestT2F11XbmpBoundaries" name="test_t2_f11_03_non_multiple_of_8_width" time="0.0000" /><testcase classname="TestT2F11XbmpBoundaries" name="test_t2_f11_04_all_zero_and_all_one_buffers" time="0.0002" /><testcase classname="TestT2F11XbmpBoundaries" name="test_t2_f11_05_extreme_single_pixel_positions" time="0.0001" /><testcase classname="TestT2F12OledCanvasBoundaries" name="test_t2_f12_01_corrupted_byte_values_sanitization" time="0.0000" /><testcase classname="TestT2F12OledCanvasBoundaries" name="test_t2_f12_02_empty_or_none_frame_buffer" time="0.0000" /><testcase classname="TestT2F12OledCanvasBoundaries" name="test_t2_f12_03_scale_factor_boundaries" time="0.0000" /><testcase classname="TestT2F12OledCanvasBoundaries" name="test_t2_f12_04_zero_dimension_viewport_guard" time="0.0000" /><testcase classname="TestT2F12OledCanvasBoundaries" name="test_t2_f12_05_rapid_theme_switching" time="0.0000" /><testcase classname="TestT2F13PlaybackBoundaries" name="test_t2_f13_01_zero_fps_clamping" time="0.0000" /><testcase classname="TestT2F13PlaybackBoundaries" name="test_t2_f13_02_high_fps_clamping" time="0.0000" /><testcase classname="TestT2F13PlaybackBoundaries" name="test_t2_f13_03_out_of_range_scrubbing" time="0.0000" /><testcase classname="TestT2F13PlaybackBoundaries" name="test_t2_f13_04_tab_delta_throttling" time="0.0000" /><testcase classname="TestT2F13PlaybackBoundaries" name="test_t2_f13_05_single_frame_animation_scrubbing" time="0.0000" /><testcase classname="TestT2F14TypewriterBoundaries" name="test_t2_f14_01_empty_string_input" time="0.0000" /><testcase classname="TestT2F14TypewriterBoundaries" name="test_t2_f14_02_massive_text_overflow" time="0.0001" /><testcase classname="TestT2F14TypewriterBoundaries" name="test_t2_f14_03_ultra_fast_typing_speed" time="0.0000" /><testcase classname="TestT2F14TypewriterBoundaries" name="test_t2_f14_04_zero_damping_clamping" time="0.0000" /><testcase classname="TestT2F14TypewriterBoundaries" name="test_t2_f14_05_special_characters_and_control_codes" time="0.0000" /><testcase classname="TestT2F15GlitchBoundaries" name="test_t2_f15_01_zero_glitch_intensity" time="0.0001" /><testcase classname="TestT2F15GlitchBoundaries" name="test_t2_f15_02_max_glitch_intensity" time="0.0001" /><testcase classname="TestT2F15GlitchBoundaries" name="test_t2_f15_03_extreme_row_tear_shift" time="0.0001" /><testcase classname="TestT2F15GlitchBoundaries" name="test_t2_f15_04_out_of_bounds_slice_range" time="0.0000" /><testcase classname="TestT2F15GlitchBoundaries" name="test_t2_f15_05_solid_color_frame_glitch" time="0.0002" /><testcase classname="TestT2F16StarfieldBoundaries" name="test_t2_f16_01_star_z_div_by_zero_guard" time="0.0001" /><testcase classname="TestT2F16StarfieldBoundaries" name="test_t2_f16_02_zero_star_count" time="0.0001" /><testcase classname="TestT2F16StarfieldBoundaries" name="test_t2_f16_03_high_star_density_stress" time="0.0002" /><testcase classname="TestT2F16StarfieldBoundaries" name="test_t2_f16_04_origin_outside_viewport" time="0.0000" /><testcase classname="TestT2F16StarfieldBoundaries" name="test_t2_f16_05_huge_dt_clamping" time="0.0000" /><testcase classname="TestT2F17ProceduralTimelineBoundaries" name="test_t2_f17_01_zero_second_duration_rejection" time="0.0000" /><testcase classname="TestT2F17ProceduralTimelineBoundaries" name="test_t2_f17_02_single_frame_procedural_baking" time="0.0000" /><testcase classname="TestT2F17ProceduralTimelineBoundaries" name="test_t2_f17_03_high_frame_count_baking_memory" time="0.0000" /><testcase classname="TestT2F17ProceduralTimelineBoundaries" name="test_t2_f17_04_overlay_duration_mismatch" time="0.0000" /><testcase classname="TestT2F17ProceduralTimelineBoundaries" name="test_t2_f17_05_bake_interruption_state_cleanup" time="0.0000" /><testcase classname="TestT2F18ProgmemBoundaries" name="test_t2_f18_01_single_frame_export" time="0.0004" /><testcase classname="TestT2F18ProgmemBoundaries" name="test_t2_f18_02_large_animation_export" time="0.0000" /><testcase classname="TestT2F18ProgmemBoundaries" name="test_t2_f18_03_empty_frame_store_export" time="0.0000" /><testcase classname="TestT2F18ProgmemBoundaries" name="test_t2_f18_04_special_characters_project_identifier" time="0.0002" /><testcase classname="TestT2F18ProgmemBoundaries" name="test_t2_f18_05_flash_memory_threshold_warning" time="0.0000" /><testcase classname="TestT2F19RleBoundaries" name="test_t2_f19_01_worst_case_expansion" time="0.0003" /><testcase classname="TestT2F19RleBoundaries" name="test_t2_f19_02_repeat_run_split_over_128" time="0.0001" /><testcase classname="TestT2F19RleBoundaries" name="test_t2_f19_03_all_zero_frame_compression_ratio" time="0.0002" /><testcase classname="TestT2F19RleBoundaries" name="test_t2_f19_04_decompressor_truncation_safety" time="0.0000" /><testcase classname="TestT2F19RleBoundaries" name="test_t2_f19_05_offset_table_monotonicity" time="0.0034" /><testcase classname="TestT2F20CodeCopyBoundaries" name="test_t2_f20_01_insecure_context_fallback" time="0.0000" /><testcase classname="TestT2F20CodeCopyBoundaries" name="test_t2_f20_02_permission_denial_fallback" time="0.0000" /><testcase classname="TestT2F20CodeCopyBoundaries" name="test_t2_f20_03_filename_sanitization" time="0.0002" /><testcase classname="TestT2F20CodeCopyBoundaries" name="test_t2_f20_04_download_debounce" time="0.0000" /><testcase classname="TestT2F20CodeCopyBoundaries" name="test_t2_f20_05_blob_url_lifecycle" time="0.0000" /><testcase classname="TestT2F21WebSerialBoundaries" name="test_t2_f21_01_unsupported_browser_warning" time="0.0000" /><testcase classname="TestT2F21WebSerialBoundaries" name="test_t2_f21_02_port_locked_error" time="0.0000" /><testcase classname="TestT2F21WebSerialBoundaries" name="test_t2_f21_03_cable_disconnect_midstream" time="0.0000" /><testcase classname="TestT2F21WebSerialBoundaries" name="test_t2_f21_04_baud_fallback_115200" time="0.0000" /><testcase classname="TestT2F21WebSerialBoundaries" name="test_t2_f21_05_multiple_serial_devices" time="0.0000" /><testcase classname="TestT2F22FramingBoundaries" name="test_t2_f22_01_truncated_payload" time="0.0002" /><testcase classname="TestT2F22FramingBoundaries" name="test_t2_f22_02_oversized_payload_length_header" time="0.0000" /><testcase classname="TestT2F22FramingBoundaries" name="test_t2_f22_03_single_bit_payload_corruption" time="0.0004" /><testcase classname="TestT2F22FramingBoundaries" name="test_t2_f22_04_corrupted_checksum_byte" time="0.0004" /><testcase classname="TestT2F22FramingBoundaries" name="test_t2_f22_05_unknown_command_byte" time="0.0005" /><testcase classname="TestT2F23FlowControlBoundaries" name="test_t2_f23_01_out_of_order_ack" time="0.0000" /><testcase classname="TestT2F23FlowControlBoundaries" name="test_t2_f23_02_consecutive_dropped_acks" time="0.0000" /><testcase classname="TestT2F23FlowControlBoundaries" name="test_t2_f23_03_duplicate_ack_idempotency" time="0.0000" /><testcase classname="TestT2F23FlowControlBoundaries" name="test_t2_f23_04_persistent_nak_alert" time="0.0000" /><testcase classname="TestT2F23FlowControlBoundaries" name="test_t2_f23_05_latency_spike_pacing" time="0.0000" /><testcase classname="TestT2F24FirmwareBoundaries" name="test_t2_f24_01_rx_ring_buffer_saturation" time="0.0003" /><testcase classname="TestT2F24FirmwareBoundaries" name="test_t2_f24_02_midpacket_timeout_reset" time="0.0000" /><testcase classname="TestT2F24FirmwareBoundaries" name="test_t2_f24_03_watchdog_timer_precision" time="0.0005" /><testcase classname="TestT2F24FirmwareBoundaries" name="test_t2_f24_04_long_duration_standalone_loop" time="0.0006" /><testcase classname="TestT2F24FirmwareBoundaries" name="test_t2_f24_05_brownout_auto_recovery" time="0.0000" /><testcase classname="TestT2F25DriverBoundaries" name="test_t2_f25_01_sh1106_column_edge_guard" time="0.0000" /><testcase classname="TestT2F25DriverBoundaries" name="test_t2_f25_02_ssd1306_column_boundaries" time="0.0000" /><testcase classname="TestT2F25DriverBoundaries" name="test_t2_f25_03_i2c_bus_nack_resilience" time="0.0000" /><testcase classname="TestT2F25DriverBoundaries" name="test_t2_f25_04_high_speed_800khz_clock" time="0.0000" /><testcase classname="TestT2F25DriverBoundaries" name="test_t2_f25_05_display_hotplug_recovery" time="0.0000" /><testcase classname="TestT2F26RunnerBoundaries" name="test_t2_f26_01_assertion_failure_handling" time="0.0000" /><testcase classname="TestT2F26RunnerBoundaries" name="test_t2_f26_02_timeout_watchdog_mechanism" time="0.0000" /><testcase classname="TestT2F26RunnerBoundaries" name="test_t2_f26_03_memory_boundedness" time="0.0023" /><testcase classname="TestT2F26RunnerBoundaries" name="test_t2_f26_04_missing_fixture_diagnostic" time="0.0004" /><testcase classname="TestT2F26RunnerBoundaries" name="test_t2_f26_05_path_normalization" time="0.0000" /><testcase classname="TestT2F27AdversarialBoundaries" name="test_t2_f27_01_sync_byte_flooding_0xff" time="0.0002" /><testcase classname="TestT2F27AdversarialBoundaries" name="test_t2_f27_02_repeated_magic1_flooding" time="0.0003" /><testcase classname="TestT2F27AdversarialBoundaries" name="test_t2_f27_03_baud_mismatch_framing_error" time="0.0000" /><testcase classname="TestT2F27AdversarialBoundaries" name="test_t2_f27_04_fuzzing_length_header_extremes" time="0.0000" /><testcase classname="TestT2F27AdversarialBoundaries" name="test_t2_f27_05_continuous_stress_stream" time="0.1933" /><testcase classname="TestTier3Combinations" name="test_t3_01_mp4_atkinson_xbmp_webserial" time="0.0566" /><testcase classname="TestTier3Combinations" name="test_t3_02_webm_floyd_steinberg_xbmp_progmem" time="0.0220" /><testcase classname="TestTier3Combinations" name="test_t3_03_gif_bayer4x4_rle_download" time="0.0042" /><testcase classname="TestTier3Combinations" name="test_t3_04_png_seq_contrast_threshold_serial" time="0.0016" /><testcase classname="TestTier3Combinations" name="test_t3_05_typewriter_glitch_canvas_progmem" time="0.0008" /><testcase classname="TestTier3Combinations" name="test_t3_06_starfield_tearing_timeline_serial" time="0.0010" /><testcase classname="TestTier3Combinations" name="test_t3_07_contain_crop_atkinson_ack_flow" time="0.0358" /><testcase classname="TestTier3Combinations" name="test_t3_08_corrupted_packet_nak_retransmit" time="0.0013" /><testcase classname="TestTier3Combinations" name="test_t3_09_serial_timeout_watchdog_fallback" time="0.0007" /><testcase classname="TestTier3Combinations" name="test_t3_10_gif_disposal2_cover_fs_cyan" time="0.0243" /><testcase classname="TestTier3Combinations" name="test_t3_11_png_seq_natural_sort_stretch_bayer8x8_rle" time="0.0004" /><testcase classname="TestTier3Combinations" name="test_t3_12_lyric_bounce_timeline_scrub_copy" time="0.0016" /><testcase classname="TestTier3Combinations" name="test_t3_13_radial_particles_timeline_xbmp_sh1106" time="0.0002" /><testcase classname="TestTier3Combinations" name="test_t3_14_invert_contrast_fs_yellow_blue" time="0.0198" /><testcase classname="TestTier3Combinations" name="test_t3_15_4k_downscale_boost_bayer2x2_packet" time="0.0004" /><testcase classname="TestTier3Combinations" name="test_t3_16_gif_var_delays_atkinson_progmem" time="0.0304" /><testcase classname="TestTier3Combinations" name="test_t3_17_typewriter_starfield_amber_canvas" time="0.0001" /><testcase classname="TestTier3Combinations" name="test_t3_18_rolling_glitch_packet_ssd1306" time="0.0005" /><testcase classname="TestTier3Combinations" name="test_t3_19_crop_threshold_rle_decompress" time="0.0004" /><testcase classname="TestTier3Combinations" name="test_t3_20_200_png_atkinson_24fps_stream" time="0.0456" /><testcase classname="TestTier3Combinations" name="test_t3_21_vertical_webm_cover_copy" time="0.0000" /><testcase classname="TestTier3Combinations" name="test_t3_22_karaoke_xor_timeline_serial" time="0.0006" /><testcase classname="TestTier3Combinations" name="test_t3_23_bayer4x4_xbmp_i2c_sh1106" time="0.0006" /><testcase classname="TestTier3Combinations" name="test_t3_24_highentropy_fs_rle_fallback" time="0.0219" /><testcase classname="TestTier3Combinations" name="test_t3_25_ballistic_burst_row_tear_progmem" time="0.0001" /><testcase classname="TestTier3Combinations" name="test_t3_26_mixed_ingestion_contain_green" time="0.0000" /><testcase classname="TestTier3Combinations" name="test_t3_27_rapid_reconnect_ping_resync" time="0.0000" /><testcase classname="TestTier3Combinations" name="test_t3_28_extreme_contrast_threshold_packet" time="0.0003" /><testcase classname="TestTier3Combinations" name="test_t3_29_typewriter_scrub_serial_flow" time="0.0025" /><testcase classname="TestTier3Combinations" name="test_t3_30_atkinson_grid_dual_driver" time="0.0300" /><testcase classname="TestTier4Scenarios" name="test_scenario_01_instagram_reel_to_firmware" time="0.0258" /><testcase classname="TestTier4Scenarios" name="test_scenario_02_aseprite_pixel_art_to_packbits_rle" time="2.3972" /><testcase classname="TestTier4Scenarios" name="test_scenario_03_kinetic_typography_webserial_streaming" time="0.0552" /><testcase classname="TestTier4Scenarios" name="test_scenario_04_starfield_glitch_export" time="0.0537" /><testcase classname="TestTier4Scenarios" name="test_scenario_05_procreate_png_sequence_ingestion" time="0.0006" /><testcase classname="TestTier4Scenarios" name="test_scenario_06_high_contrast_vector_logo_conversion_code_copy" time="0.0539" /><testcase classname="TestTier4Scenarios" name="test_scenario_07_live_vj_dynamic_dither_switching" time="0.7703" /><testcase classname="TestTier4Scenarios" name="test_scenario_08_serial_noise_corrupted_packet_nak_recovery" time="0.0272" /><testcase classname="TestTier4Scenarios" name="test_scenario_09_usb_disconnect_watchdog_fallback" time="0.0004" /><testcase classname="TestTier4Scenarios" name="test_scenario_10_dual_display_hardware_switching" time="0.0004" /><testcase classname="TestTier4Scenarios" name="test_scenario_11_long_form_video_flash_budget_optimization" time="0.1583" /><testcase classname="TestTier4Scenarios" name="test_scenario_12_retro_pixel_art_nearest_neighbor" time="0.0004" /><testcase classname="TestTier4Scenarios" name="test_scenario_13_karaoke_lyric_video_dual_color_oled" time="0.0002" /><testcase classname="TestTier4Scenarios" name="test_scenario_14_particle_burst_benchmark_timing_budget" time="0.1703" /></testsuite></testsuites>